<?xml version="1.0" encoding="UTF-8"?>
<testsuite name="inkball.AppTest" tests="7" skipped="0" failures="0" errors="0" timestamp="2024-10-18T23:58:02" hostname="DESKTOP-MST6JVD" time="0.954">
  <properties/>
  <testcase name="testMouseReleased()" classname="inkball.AppTest" time="0.565"/>
  <testcase name="testMousePressed()" classname="inkball.AppTest" time="0.055"/>
  <testcase name="testDraw()" classname="inkball.AppTest" time="0.103"/>
  <testcase name="testKeyPressed()" classname="inkball.AppTest" time="0.06"/>
  <testcase name="testDrawWinningAnimation()" classname="inkball.AppTest" time="0.067"/>
  <testcase name="testRightDraggedHelper()" classname="inkball.AppTest" time="0.041"/>
  <testcase name="testMouseDragged()" classname="inkball.AppTest" time="0.039"/>
  <system-out><![CDATA[level 0: 1
level 0: 1
level 0: 1
level 0: 1
level 0: 1
level 0: 1
level 0: 1
level 1: 2
level 2: 5
level 0: 1
level 0: 1
level 0: 1
level 0: 1
level 0: 1
level 0: 1
level 0: 1
level 1: 2
level 2: 5
level 2: 5
level 0: 1
level 0: 1
level 0: 1
level 0: 1
level 0: 1
level 0: 1
level 0: 1
level 0: 1
]]></system-out>
  <system-err><![CDATA[]]></system-err>
</testsuite>
